The system is: Windows - 10.0.18363 - AMD64
Compiling the C compiler identification source file "CMakeCCompilerId.c" succeeded.
Compiler: D:/VStudio/Visual Studio2019/VC/Tools/MSVC/14.28.29333/bin/Hostx86/x86/cl.exe 
Build flags: 
Id flags:  

The output was:
0
用于 x86 的 Microsoft (R) C/C++ 优化编译器 19.28.29333 版
版权所有(C) Microsoft Corporation。保留所有权利。

CMakeCCompilerId.c
Microsoft (R) Incremental Linker Version 14.28.29333.0
Copyright (C) Microsoft Corporation.  All rights reserved.

/out:CMakeCCompilerId.exe 
CMakeCCompilerId.obj 


Compilation of the C compiler identification source "CMakeCCompilerId.c" produced "CMakeCCompilerId.exe"

Compilation of the C compiler identification source "CMakeCCompilerId.c" produced "CMakeCCompilerId.obj"

The C compiler identification is MSVC, found in "D:/C_Clion/cmake-build-debug/CMakeFiles/3.16.5/CompilerIdC/CMakeCCompilerId.exe"

Determining if the C compiler works passed with the following output:
Change Dir: D:/C_Clion/cmake-build-debug/CMakeFiles/CMakeTmp

Run Build Command(s):D:/VStudio/Visual Studio2019/VC/Tools/MSVC/14.28.29333/bin/Hostx86/x86/nmake.exe /nologo cmTC_988e1\fast && 	"D:\VStudio\Visual Studio2019\VC\Tools\MSVC\14.28.29333\bin\Hostx86\x86\nmake.exe" -f CMakeFiles\cmTC_988e1.dir\build.make /nologo -L                  CMakeFiles\cmTC_988e1.dir\build
Building C object CMakeFiles/cmTC_988e1.dir/testCCompiler.c.obj
	"D:\VStudio\Visual Studio2019\VC\Tools\MSVC\14.28.29333\bin\Hostx86\x86\cl.exe" @C:\Users\FHang\AppData\Local\Temp\nmAF0A.tmp
testCCompiler.c
Linking C executable cmTC_988e1.exe
	"G:\Clion\CLion 2020.1.3\bin\cmake\win\bin\cmake.exe" -E vs_link_exe --intdir=CMakeFiles\cmTC_988e1.dir --rc="D:\Windows Kits\10\bin\10.0.18362.0\x86\rc.exe" --mt="D:\Windows Kits\10\bin\10.0.18362.0\x86\mt.exe" --manifests  -- "D:\VStudio\Visual Studio2019\VC\Tools\MSVC\14.28.29333\bin\Hostx86\x86\link.exe" /nologo @CMakeFiles\cmTC_988e1.dir\objects1.rsp @C:\Users\FHang\AppData\Local\Temp\nmAF78.tmp



Detecting C compiler ABI info compiled with the following output:
Change Dir: D:/C_Clion/cmake-build-debug/CMakeFiles/CMakeTmp

Run Build Command(s):D:/VStudio/Visual Studio2019/VC/Tools/MSVC/14.28.29333/bin/Hostx86/x86/nmake.exe /nologo cmTC_46b73\fast && 	"D:\VStudio\Visual Studio2019\VC\Tools\MSVC\14.28.29333\bin\Hostx86\x86\nmake.exe" -f CMakeFiles\cmTC_46b73.dir\build.make /nologo -L                  CMakeFiles\cmTC_46b73.dir\build
Building C object CMakeFiles/cmTC_46b73.dir/CMakeCCompilerABI.c.obj
	"D:\VStudio\Visual Studio2019\VC\Tools\MSVC\14.28.29333\bin\Hostx86\x86\cl.exe" @C:\Users\FHang\AppData\Local\Temp\nmB1C9.tmp
CMakeCCompilerABI.c
Linking C executable cmTC_46b73.exe
	"G:\Clion\CLion 2020.1.3\bin\cmake\win\bin\cmake.exe" -E vs_link_exe --intdir=CMakeFiles\cmTC_46b73.dir --rc="D:\Windows Kits\10\bin\10.0.18362.0\x86\rc.exe" --mt="D:\Windows Kits\10\bin\10.0.18362.0\x86\mt.exe" --manifests  -- "D:\VStudio\Visual Studio2019\VC\Tools\MSVC\14.28.29333\bin\Hostx86\x86\link.exe" /nologo @CMakeFiles\cmTC_46b73.dir\objects1.rsp @C:\Users\FHang\AppData\Local\Temp\nmB228.tmp



